<?xml version="1.0" encoding="UTF-8" ?>
<testsuites disabled="0" errors="0" failures="0" tests="2" time="80.684">
 <testsuite name="Alert: Clicking on Model Config &amp; Op Mode config buttons in Alerts screening view" timestamp="2020-02-04T00:35:05" hostname="localhost" time="80.684" errors="0" tests="2" skipped="0" disabled="0" failures="0">
  <testcase classname="Alert: Clicking on Model Config &amp; Op Mode config buttons in Alerts screening view" name="Model Config" time="38.858" />
  <testcase classname="Alert: Clicking on Model Config &amp; Op Mode config buttons in Alerts screening view" name="Op Mode config" time="6.771" />
 </testsuite>
</testsuites>