<?xml version="1.0" encoding="UTF-8" ?>
<testsuites disabled="0" errors="0" failures="0" tests="12" time="138.558">
 <testsuite name="Alert: Right click on model perform all actions" timestamp="2020-02-04T00:35:05" hostname="localhost" time="138.558" errors="0" tests="12" skipped="0" disabled="0" failures="0">
  <testcase classname="Alert: Right click on model perform all actions" name="ModelConfiguration Action" time="33.51" />
  <testcase classname="Alert: Right click on model perform all actions" name="Diagnostic Drilldown Action" time="9.893" />
  <testcase classname="Alert: Right click on model perform all actions" name="Op Mode Configuration Action" time="6.853" />
  <testcase classname="Alert: Right click on model perform all actions" name="Clear AlertStatus Action" time="3.806" />
  <testcase classname="Alert: Right click on model perform all actions" name="Clear Diagnose Action" time="10.561" />
  <testcase classname="Alert: Right click on model perform all actions" name="Model Maintenance Action" time="3.204" />
  <testcase classname="Alert: Right click on model perform all actions" name="Diagnose Action" time="3.297" />
  <testcase classname="Alert: Right click on model perform all actions" name="Model Maintenance Action" time="3.289" />
  <testcase classname="Alert: Right click on model perform all actions" name="Creation Action Item" time="3.27" />
  <testcase classname="Alert: Right click on model perform all actions" name="Create Open Issue" time="7.327" />
  <testcase classname="Alert: Right click on model perform all actions" name="Show Related Models" time="6.808" />
  <testcase classname="Alert: Right click on model perform all actions" name="Show Related Issues" time="6.542" />
 </testsuite>
</testsuites>