<?xml version="1.0" encoding="UTF-8" ?>
<testsuites disabled="0" errors="0" failures="0" tests="3" time="79.5">
 <testsuite name="19589: Performance Analyst - Availability" timestamp="2020-01-13T20:49:42" hostname="localhost" time="79.5" errors="0" tests="3" skipped="0" disabled="0" failures="0">
  <testcase classname="19589: Performance Analyst - Availability" name="Step 1: Verify the donuts with its data with respective to its specific color." time="38.011" />
  <testcase classname="19589: Performance Analyst - Availability" name="Step 2: Verify Event Category Log." time="0.381" />
  <testcase classname="19589: Performance Analyst - Availability" name="Step 3: Ensure user is able to add and delete outage event." time="7.379" />
 </testsuite>
</testsuites>