<?xml version="1.0" encoding="UTF-8" ?>
<testsuites disabled="0" errors="0" failures="0" tests="6" time="260.478">
 <testsuite name="19587: Performance Analyst - Water" timestamp="2020-01-13T20:52:07" hostname="localhost" time="260.478" errors="0" tests="6" skipped="0" disabled="0" failures="0">
  <testcase classname="19587: Performance Analyst - Water" name="Step 1: Navigate to water asset" time="38.868" />
  <testcase classname="19587: Performance Analyst - Water" name="Step 2: Verify values seem correct in Donuts" time="0.46" />
  <testcase classname="19587: Performance Analyst - Water" name="Step 3: Values respond to changes in time slider- note that some charts are always 1min resolution regardless of time slider" time="21.243" />
  <testcase classname="19587: Performance Analyst - Water" name="Step 4: Click a slice in Chemical Usage by Chemical donut, verify donut changes to Chemical Usage by Asset" time="111.389" />
  <testcase classname="19587: Performance Analyst - Water" name="Step 5: Navigate to child asset with no $, energy, and/or chemical usage" time="7.037" />
  <testcase classname="19587: Performance Analyst - Water" name="Step 6: Verify donuts replaced with &quot;no ___ usage&quot; and legend responds appropriately " time="20.1" />
 </testsuite>
</testsuites>