<?xml version="1.0" encoding="UTF-8" ?>
<testsuites disabled="0" errors="0" failures="0" tests="2" time="0.379">
 <testsuite name="focused specs" timestamp="2019-12-03T22:05:34" hostname="localhost" time="0.379" errors="0" tests="2" skipped="2" disabled="0" failures="0">
  <testcase classname="focused specs" name="Step 5: Ensure edit annotation feature of trends." time="0.012">
   <skipped message="Temporarily disabled with xit" />
  </testcase>
  <testcase classname="focused specs" name="Step 6: Ensure delete annotation feature of trends." time="0.002">
   <skipped message="Temporarily disabled with xit" />
  </testcase>
 </testsuite>
</testsuites>