<?xml version="1.0" encoding="UTF-8" ?>
<testsuites disabled="0" errors="0" failures="0" tests="2" time="104.715">
 <testsuite name="19607: Data Explorer - Hamburger (Chart Context) menu" timestamp="2020-01-13T21:05:41" hostname="localhost" time="104.715" errors="0" tests="2" skipped="0" disabled="0" failures="0">
  <testcase classname="19607: Data Explorer - Hamburger (Chart Context) menu" name="Step 1: Verify Print report feature." time="28.61" />
  <testcase classname="19607: Data Explorer - Hamburger (Chart Context) menu" name="step 2: Save as different file types" time="25.069" />
 </testsuite>
</testsuites>