<?xml version="1.0" encoding="UTF-8" ?>
<testsuites disabled="0" errors="0" failures="0" tests="2" time="118.012">
 <testsuite name="BUG 15359: Data Explorer - Chart Legend Toggle and Tag Prefix Not Working Before Save" timestamp="2020-01-13T21:07:34" hostname="localhost" time="118.012" errors="0" tests="2" skipped="0" disabled="0" failures="0">
  <testcase classname="BUG 15359: Data Explorer - Chart Legend Toggle and Tag Prefix Not Working Before Save" name="Step 1: Chart Legend Toggle should work Before Save" time="21.791" />
  <testcase classname="BUG 15359: Data Explorer - Chart Legend Toggle and Tag Prefix Not Working Before Save" name="Step 2: Tag Prefix should work Before Save" time="49.487" />
 </testsuite>
</testsuites>